<?xml version="1.0" encoding="UTF-8"?>
<!-- Generated by org.testng.reporters.JUnitXMLReporter -->
<testsuite ignored="4" hostname="DESKTOP-35CFFOK" failures="0" tests="1" name="VerifyLink" time="7.507" errors="0" timestamp="2024-03-14T17:29:22 IST">
  <testcase classname="testCases.Action_T" name="RadioVuttonClick" time="3.662"/>
  <testcase classname="testCases.Action_T" name="RadioVutton_2" time="0.0">
    <ignored/>
  </testcase> <!-- RadioVutton_2 -->
  <testcase classname="testCases.Action_T" name="RadioVutton_3" time="0.0">
    <ignored/>
  </testcase> <!-- RadioVutton_3 -->
  <testcase classname="testCases.Action_T" name="testLink" time="0.0">
    <ignored/>
  </testcase> <!-- testLink -->
  <testcase classname="testCases.Action_T" name="RadioVutton_4" time="0.0">
    <ignored/>
  </testcase> <!-- RadioVutton_4 -->
</testsuite> <!-- VerifyLink -->
