<?xml version="1.0" encoding="UTF-8"?>
<!-- Generated by org.testng.reporters.JUnitXMLReporter -->
<testsuite ignored="3" hostname="DESKTOP-35CFFOK" failures="0" tests="1" name="Default test" time="0.087" errors="0" timestamp="2024-03-03T00:17:30 IST">
  <testcase classname="testCases.Action_T" name="RadioVutton_4" time="0.013"/>
  <testcase classname="testCases.Action_T" name="RadioVutton_3" time="0.0">
    <ignored/>
  </testcase> <!-- RadioVutton_3 -->
  <testcase classname="testCases.Action_T" name="RadioVutton_2" time="0.0">
    <ignored/>
  </testcase> <!-- RadioVutton_2 -->
  <testcase classname="testCases.Action_T" name="RadioVutton_1" time="0.0">
    <ignored/>
  </testcase> <!-- RadioVutton_1 -->
</testsuite> <!-- Default test -->
