<?xml version="1.0" encoding="UTF-8"?>
<!-- Generated by org.testng.reporters.JUnitXMLReporter -->
<testsuite ignored="5" hostname="DESKTOP-35CFFOK" failures="0" tests="1" name="Default test" time="9.596" errors="0" timestamp="2024-03-15T00:30:18 IST">
  <testcase classname="testCases.Action_T" name="downloadUploadTest" time="5.621"/>
  <testcase classname="testCases.Action_T" name="RadioVutton_4" time="0.0">
    <ignored/>
  </testcase> <!-- RadioVutton_4 -->
  <testcase classname="testCases.Action_T" name="RadioVutton_3" time="0.0">
    <ignored/>
  </testcase> <!-- RadioVutton_3 -->
  <testcase classname="testCases.Action_T" name="RadioVutton_2" time="0.0">
    <ignored/>
  </testcase> <!-- RadioVutton_2 -->
  <testcase classname="testCases.Action_T" name="RadioVuttonClick" time="0.0">
    <ignored/>
  </testcase> <!-- RadioVuttonClick -->
  <testcase classname="testCases.Action_T" name="testLink" time="0.0">
    <ignored/>
  </testcase> <!-- testLink -->
</testsuite> <!-- Default test -->
