<?xml version="1.0" encoding="UTF-8"?>
<!-- Generated by org.testng.reporters.JUnitXMLReporter -->
<testsuite ignored="5" hostname="DESKTOP-35CFFOK" failures="0" tests="1" name="Test" time="17.305" errors="0" timestamp="2024-03-11T12:27:43 IST">
  <testcase classname="testCases.LinkReponseTest" name="radioButtonCLick" time="13.037"/>
  <testcase classname="testCases.LinkReponseTest" name="ListArry" time="0.0">
    <ignored/>
  </testcase> <!-- ListArry -->
  <testcase classname="testCases.LinkReponseTest" name="reponseTest" time="0.0">
    <ignored/>
  </testcase> <!-- reponseTest -->
  <testcase classname="testCases.LinkReponseTest" name="arraylist" time="0.0">
    <ignored/>
  </testcase> <!-- arraylist -->
  <testcase classname="testCases.LinkReponseTest" name="SearchSort" time="0.0">
    <ignored/>
  </testcase> <!-- SearchSort -->
  <testcase classname="testCases.LinkReponseTest" name="Sorting123" time="0.0">
    <ignored/>
  </testcase> <!-- Sorting123 -->
</testsuite> <!-- Test -->
