<?xml version="1.0" encoding="UTF-8"?>
<testng-results ignored="0" total="1" passed="1" failed="0" skipped="0">
  <reporter-output>
  </reporter-output>
  <suite started-at="2024-03-09T14:13:50 IST" name="Regression" finished-at="2024-03-09T14:13:57 IST" duration-ms="6436">
    <groups>
      <group name="Regression">
        <method signature="Action_T.RadioVuttonClick()[pri:0, instance:testCases.Action_T@5e77f0f4]" name="RadioVuttonClick" class="testCases.Action_T"/>
      </group> <!-- Regression -->
    </groups>
    <test started-at="2024-03-09T14:13:50 IST" name="VerifyLink" finished-at="2024-03-09T14:13:57 IST" duration-ms="6436">
      <class name="testCases.Action_T">
        <test-method is-config="true" signature="launchBroswe(java.lang.String)[pri:0, instance:testCases.Action_T@5e77f0f4]" started-at="2024-03-09T14:13:50 IST" name="launchBroswe" finished-at="2024-03-09T14:13:52 IST" duration-ms="1803" status="PASS">
          <params>
            <param index="0">
              <value>
                <![CDATA[chrome]]>
              </value>
            </param>
          </params>
          <reporter-output>
          </reporter-output>
        </test-method> <!-- launchBroswe -->
        <test-method signature="RadioVuttonClick()[pri:0, instance:testCases.Action_T@5e77f0f4]" started-at="2024-03-09T14:13:52 IST" name="RadioVuttonClick" finished-at="2024-03-09T14:13:55 IST" duration-ms="2386" status="PASS">
          <reporter-output>
          </reporter-output>
        </test-method> <!-- RadioVuttonClick -->
        <test-method is-config="true" signature="teardown()[pri:0, instance:testCases.Action_T@5e77f0f4]" started-at="2024-03-09T14:13:55 IST" name="teardown" finished-at="2024-03-09T14:13:57 IST" duration-ms="2197" status="PASS">
          <reporter-output>
          </reporter-output>
        </test-method> <!-- teardown -->
      </class> <!-- testCases.Action_T -->
    </test> <!-- VerifyLink -->
  </suite> <!-- Regression -->
</testng-results>
