<?xml version="1.0" encoding="UTF-8"?>
<testng-results ignored="0" total="2" passed="2" failed="0" skipped="0">
  <reporter-output>
  </reporter-output>
  <suite started-at="2024-03-03T00:35:01 IST" name="Regression" finished-at="2024-03-03T00:35:07 IST" duration-ms="6259">
    <groups>
      <group name="Regression">
        <method signature="Action_T.RadioVutton_1()[pri:0, instance:testCases.Action_T@437da279]" name="RadioVutton_1" class="testCases.Action_T"/>
        <method signature="Action_T.RadioVutton_3()[pri:0, instance:testCases.Action_T@437da279]" name="RadioVutton_3" class="testCases.Action_T"/>
      </group> <!-- Regression -->
    </groups>
    <test started-at="2024-03-03T00:35:01 IST" name="VerifyLink" finished-at="2024-03-03T00:35:07 IST" duration-ms="6259">
      <class name="testCases.Action_T">
        <test-method is-config="true" signature="launchBroswe(java.lang.String)[pri:0, instance:testCases.Action_T@437da279]" started-at="2024-03-03T00:35:01 IST" name="launchBroswe" finished-at="2024-03-03T00:35:07 IST" duration-ms="6203" status="PASS">
          <params>
            <param index="0">
              <value>
                <![CDATA[chrome]]>
              </value>
            </param>
          </params>
          <reporter-output>
          </reporter-output>
        </test-method> <!-- launchBroswe -->
        <test-method signature="RadioVutton_1()[pri:0, instance:testCases.Action_T@437da279]" started-at="2024-03-03T00:35:07 IST" name="RadioVutton_1" finished-at="2024-03-03T00:35:07 IST" duration-ms="3" status="PASS">
          <reporter-output>
          </reporter-output>
        </test-method> <!-- RadioVutton_1 -->
        <test-method signature="RadioVutton_3()[pri:0, instance:testCases.Action_T@437da279]" started-at="2024-03-03T00:35:07 IST" name="RadioVutton_3" finished-at="2024-03-03T00:35:07 IST" duration-ms="3" status="PASS">
          <reporter-output>
          </reporter-output>
        </test-method> <!-- RadioVutton_3 -->
      </class> <!-- testCases.Action_T -->
    </test> <!-- VerifyLink -->
  </suite> <!-- Regression -->
</testng-results>
