<?xml version="1.0" encoding="UTF-8"?>
<testng-results ignored="0" total="1" passed="1" failed="0" skipped="0">
  <reporter-output>
  </reporter-output>
  <suite started-at="2024-03-15T00:30:09 IST" name="Default suite" finished-at="2024-03-15T00:30:18 IST" duration-ms="9596">
    <groups>
    </groups>
    <test started-at="2024-03-15T00:30:09 IST" name="Default test" finished-at="2024-03-15T00:30:18 IST" duration-ms="9596">
      <class name="testCases.Action_T">
        <test-method is-config="true" signature="launchBroswe(java.lang.String)[pri:0, instance:testCases.Action_T@7756c3cd]" started-at="2024-03-15T00:30:09 IST" name="launchBroswe" finished-at="2024-03-15T00:30:10 IST" duration-ms="1706" status="PASS">
          <params>
            <param index="0">
              <value is-null="true"/>
            </param>
          </params>
          <reporter-output>
          </reporter-output>
        </test-method> <!-- launchBroswe -->
        <test-method signature="downloadUploadTest()[pri:0, instance:testCases.Action_T@7756c3cd]" started-at="2024-03-15T00:30:10 IST" name="downloadUploadTest" finished-at="2024-03-15T00:30:16 IST" duration-ms="5621" status="PASS">
          <reporter-output>
          </reporter-output>
        </test-method> <!-- downloadUploadTest -->
        <test-method is-config="true" signature="teardown()[pri:0, instance:testCases.Action_T@7756c3cd]" started-at="2024-03-15T00:30:16 IST" name="teardown" finished-at="2024-03-15T00:30:18 IST" duration-ms="2240" status="PASS">
          <reporter-output>
          </reporter-output>
        </test-method> <!-- teardown -->
      </class> <!-- testCases.Action_T -->
    </test> <!-- Default test -->
  </suite> <!-- Default suite -->
</testng-results>
