<?xml version="1.0" encoding="UTF-8"?>
<testng-results ignored="5" total="6" passed="1" failed="0" skipped="0">
  <reporter-output>
  </reporter-output>
  <suite started-at="2024-03-15T16:38:13 IST" name="Default suite" finished-at="2024-03-15T16:38:42 IST" duration-ms="29873">
    <groups>
    </groups>
    <test started-at="2024-03-15T16:38:13 IST" name="Default test" finished-at="2024-03-15T16:38:42 IST" duration-ms="29873">
      <class name="testCases.Action_T">
        <test-method is-config="true" signature="launchBroswe(java.lang.String)[pri:0, instance:testCases.Action_T@7ec3394b]" started-at="2024-03-15T16:38:13 IST" name="launchBroswe" finished-at="2024-03-15T16:38:30 IST" duration-ms="17292" status="PASS">
          <params>
            <param index="0">
              <value is-null="true"/>
            </param>
          </params>
          <reporter-output>
          </reporter-output>
        </test-method> <!-- launchBroswe -->
        <test-method signature="downloadUploadTest()[pri:0, instance:testCases.Action_T@7ec3394b]" started-at="2024-03-15T16:38:30 IST" name="downloadUploadTest" finished-at="2024-03-15T16:38:40 IST" duration-ms="10285" status="PASS">
          <reporter-output>
          </reporter-output>
        </test-method> <!-- downloadUploadTest -->
        <test-method is-config="true" signature="teardown()[pri:0, instance:testCases.Action_T@7ec3394b]" started-at="2024-03-15T16:38:40 IST" name="teardown" finished-at="2024-03-15T16:38:42 IST" duration-ms="2249" status="PASS">
          <reporter-output>
          </reporter-output>
        </test-method> <!-- teardown -->
      </class> <!-- testCases.Action_T -->
    </test> <!-- Default test -->
  </suite> <!-- Default suite -->
</testng-results>
